<?xml version="1.0" encoding="UTF-8"?>
<testng-results ignored="0" total="1" passed="1" failed="0" skipped="0">
  <reporter-output>
  </reporter-output>
  <suite started-at="2023-04-27T17:42:18 IST" name="Default suite" finished-at="2023-04-27T17:42:43 IST" duration-ms="25172">
    <groups>
    </groups>
    <test started-at="2023-04-27T17:42:18 IST" name="Default test" finished-at="2023-04-27T17:42:43 IST" duration-ms="25172">
      <class name="prolPlusLogin.ProlPlusLoginTest">
        <test-method signature="f()[pri:0, instance:prolPlusLogin.ProlPlusLoginTest@593aaf41]" started-at="2023-04-27T17:42:18 IST" name="f" finished-at="2023-04-27T17:42:43 IST" duration-ms="25147" status="PASS">
          <reporter-output>
          </reporter-output>
        </test-method> <!-- f -->
      </class> <!-- prolPlusLogin.ProlPlusLoginTest -->
    </test> <!-- Default test -->
  </suite> <!-- Default suite -->
</testng-results>
